This is pdfTeX, Version 3.14159265-2.6-1.40.20 (MiKTeX 2.9.7050 64-bit) (preloaded format=pdflatex 2019.6.17)  27 AUG 2019 20:32
entering extended mode
**./libretto_canti.tex
(libretto_canti.tex
LaTeX2e <2018-12-01>
("C:\Program Files\MiKTeX 2.9\tex/latex/base\book.cls"
Document Class: book 2018/09/03 v1.4i Standard LaTeX document class
("C:\Program Files\MiKTeX 2.9\tex/latex/base\bk12.clo"
File: bk12.clo 2018/09/03 v1.4i Standard LaTeX file (size option)
)
\c@part=\count80
\c@chapter=\count81
\c@section=\count82
\c@subsection=\count83
\c@subsubsection=\count84
\c@paragraph=\count85
\c@subparagraph=\count86
\c@figure=\count87
\c@table=\count88
\abovecaptionskip=\skip41
\belowcaptionskip=\skip42
\bibindent=\dimen102
)
("C:\Program Files\MiKTeX 2.9\tex/latex/graphics\graphicx.sty"
Package: graphicx 2017/06/01 v1.1a Enhanced LaTeX Graphics (DPC,SPQR)

("C:\Program Files\MiKTeX 2.9\tex/latex/graphics\keyval.sty"
Package: keyval 2014/10/28 v1.15 key=value parser (DPC)
\KV@toks@=\toks14
)
("C:\Program Files\MiKTeX 2.9\tex/latex/graphics\graphics.sty"
Package: graphics 2017/06/25 v1.2c Standard LaTeX Graphics (DPC,SPQR)

("C:\Program Files\MiKTeX 2.9\tex/latex/graphics\trig.sty"
Package: trig 2016/01/03 v1.10 sin cos tan (DPC)
)
("C:\Program Files\MiKTeX 2.9\tex/latex/graphics-cfg\graphics.cfg"
File: graphics.cfg 2016/06/04 v1.11 sample graphics configuration
)
Package graphics Info: Driver file: pdftex.def on input line 99.

("C:\Program Files\MiKTeX 2.9\tex/latex/graphics-def\pdftex.def"
File: pdftex.def 2018/01/08 v1.0l Graphics/color driver for pdftex
))
\Gin@req@height=\dimen103
\Gin@req@width=\dimen104
)
("C:\Program Files\MiKTeX 2.9\tex/latex/base\inputenc.sty"
Package: inputenc 2018/08/11 v1.3c Input encoding file
\inpenc@prehook=\toks15
\inpenc@posthook=\toks16

("C:\Program Files\MiKTeX 2.9\tex/latex/ucs\utf8x.def"
File: utf8x.def 2004/10/17 UCS: Input encoding UTF-8
))
("C:\Program Files\MiKTeX 2.9\tex/latex/ucs\ucs.sty"
Package: ucs 2013/05/11 v2.2 UCS: Unicode input support

("C:\Program Files\MiKTeX 2.9\tex/latex/ucs\uni-global.def"
File: uni-global.def 2013/05/13 UCS: Unicode global data
)
\uc@secondtry=\count89
\uc@combtoks=\toks17
\uc@combtoksb=\toks18
\uc@temptokena=\toks19
)
("C:\Program Files\MiKTeX 2.9\tex/latex/amsfonts\amssymb.sty"
Package: amssymb 2013/01/14 v3.01 AMS font symbols

("C:\Program Files\MiKTeX 2.9\tex/latex/amsfonts\amsfonts.sty"
Package: amsfonts 2013/01/14 v3.01 Basic AMSFonts support
\@emptytoks=\toks20
\symAMSa=\mathgroup4
\symAMSb=\mathgroup5
LaTeX Font Info:    Overwriting math alphabet `\mathfrak' in version `bold'
(Font)                  U/euf/m/n --> U/euf/b/n on input line 106.
))
("C:\Program Files\MiKTeX 2.9\tex/latex/fancyhdr\fancyhdr.sty"
Package: fancyhdr 2019/01/31 v3.10 Extensive control of page headers and footer
s
\f@nch@headwidth=\skip43
\f@nch@O@elh=\skip44
\f@nch@O@erh=\skip45
\f@nch@O@olh=\skip46
\f@nch@O@orh=\skip47
\f@nch@O@elf=\skip48
\f@nch@O@erf=\skip49
\f@nch@O@olf=\skip50
\f@nch@O@orf=\skip51
)
("C:\Program Files\MiKTeX 2.9\tex/latex/geometry\geometry.sty"
Package: geometry 2018/04/16 v5.8 Page Geometry

("C:\Program Files\MiKTeX 2.9\tex/generic/oberdiek\ifpdf.sty"
Package: ifpdf 2018/09/07 v3.3 Provides the ifpdf switch
)
("C:\Program Files\MiKTeX 2.9\tex/generic/oberdiek\ifvtex.sty"
Package: ifvtex 2016/05/16 v1.6 Detect VTeX and its facilities (HO)
Package ifvtex Info: VTeX not detected.
)
("C:\Program Files\MiKTeX 2.9\tex/generic/ifxetex\ifxetex.sty"
Package: ifxetex 2010/09/12 v0.6 Provides ifxetex conditional
)
\Gm@cnth=\count90
\Gm@cntv=\count91
\c@Gm@tempcnt=\count92
\Gm@bindingoffset=\dimen105
\Gm@wd@mp=\dimen106
\Gm@odd@mp=\dimen107
\Gm@even@mp=\dimen108
\Gm@layoutwidth=\dimen109
\Gm@layoutheight=\dimen110
\Gm@layouthoffset=\dimen111
\Gm@layoutvoffset=\dimen112
\Gm@dimlist=\toks21

("C:\Program Files\MiKTeX 2.9\tex/latex/geometry\geometry.cfg"))
("C:\Program Files\MiKTeX 2.9\tex/latex/tools\longtable.sty"
Package: longtable 2014/10/28 v4.11 Multi-page Table package (DPC)+ FMi change
\LTleft=\skip52
\LTright=\skip53
\LTpre=\skip54
\LTpost=\skip55
\LTchunksize=\count93
\LTcapwidth=\dimen113
\LT@head=\box27
\LT@firsthead=\box28
\LT@foot=\box29
\LT@lastfoot=\box30
\LT@cols=\count94
\LT@rows=\count95
\c@LT@tables=\count96
\c@LT@chunks=\count97
\LT@p@ftn=\toks22
)
("C:\Program Files\MiKTeX 2.9\tex/latex/tools\multicol.sty"
Package: multicol 2018/12/27 v1.8v multicolumn formatting (FMi)
\c@tracingmulticols=\count98
\mult@box=\box31
\multicol@leftmargin=\dimen114
\c@unbalance=\count99
\c@collectmore=\count100
\doublecol@number=\count101
\multicoltolerance=\count102
\multicolpretolerance=\count103
\full@width=\dimen115
\page@free=\dimen116
\premulticols=\dimen117
\postmulticols=\dimen118
\multicolsep=\skip56
\multicolbaselineskip=\skip57
\partial@page=\box32
\last@line=\box33
\maxbalancingoverflow=\dimen119
\mult@rightbox=\box34
\mult@grightbox=\box35
\mult@gfirstbox=\box36
\mult@firstbox=\box37
\@tempa=\box38
\@tempa=\box39
\@tempa=\box40
\@tempa=\box41
\@tempa=\box42
\@tempa=\box43
\@tempa=\box44
\@tempa=\box45
\@tempa=\box46
\@tempa=\box47
\@tempa=\box48
\@tempa=\box49
\@tempa=\box50
\@tempa=\box51
\@tempa=\box52
\@tempa=\box53
\@tempa=\box54
\c@columnbadness=\count104
\c@finalcolumnbadness=\count105
\last@try=\dimen120
\multicolovershoot=\dimen121
\multicolundershoot=\dimen122
\mult@nat@firstbox=\box55
\colbreak@box=\box56
\mc@col@check@num=\count106
)
("C:\Program Files\MiKTeX 2.9\tex/latex/tools\array.sty"
Package: array 2018/12/30 v2.4k Tabular extension package (FMi)
\col@sep=\dimen123
\ar@mcellbox=\box57
\extrarowheight=\dimen124
\NC@list=\toks23
\extratabsurround=\skip58
\backup@length=\skip59
\ar@cellbox=\box58
)
\c@numcanto=\count107
\c@numstrofa=\count108
 (libretto_canti.aux)
\openout1 = `libretto_canti.aux'.

LaTeX Font Info:    Checking defaults for OML/cmm/m/it on input line 126.
LaTeX Font Info:    ... okay on input line 126.
LaTeX Font Info:    Checking defaults for T1/cmr/m/n on input line 126.
LaTeX Font Info:    ... okay on input line 126.
LaTeX Font Info:    Checking defaults for OT1/cmr/m/n on input line 126.
LaTeX Font Info:    ... okay on input line 126.
LaTeX Font Info:    Checking defaults for OMS/cmsy/m/n on input line 126.
LaTeX Font Info:    ... okay on input line 126.
LaTeX Font Info:    Checking defaults for OMX/cmex/m/n on input line 126.
LaTeX Font Info:    ... okay on input line 126.
LaTeX Font Info:    Checking defaults for U/cmr/m/n on input line 126.
LaTeX Font Info:    ... okay on input line 126.

("C:\Program Files\MiKTeX 2.9\tex/context/base/mkii\supp-pdf.mkii"
[Loading MPS to PDF converter (version 2006.09.02).]
\scratchcounter=\count109
\scratchdimen=\dimen125
\scratchbox=\box59
\nofMPsegments=\count110
\nofMParguments=\count111
\everyMPshowfont=\toks24
\MPscratchCnt=\count112
\MPscratchDim=\dimen126
\MPnumerator=\count113
\makeMPintoPDFobject=\count114
\everyMPtoPDFconversion=\toks25
) ("C:\Program Files\MiKTeX 2.9\tex/latex/oberdiek\epstopdf-base.sty"
Package: epstopdf-base 2016/05/15 v2.6 Base part for package epstopdf

("C:\Program Files\MiKTeX 2.9\tex/generic/oberdiek\infwarerr.sty"
Package: infwarerr 2016/05/16 v1.4 Providing info/warning/error messages (HO)
)
("C:\Program Files\MiKTeX 2.9\tex/latex/oberdiek\grfext.sty"
Package: grfext 2016/05/16 v1.2 Manage graphics extensions (HO)

("C:\Program Files\MiKTeX 2.9\tex/generic/oberdiek\kvdefinekeys.sty"
Package: kvdefinekeys 2016/05/16 v1.4 Define keys (HO)

("C:\Program Files\MiKTeX 2.9\tex/generic/oberdiek\ltxcmds.sty"
Package: ltxcmds 2016/05/16 v1.23 LaTeX kernel commands for general use (HO)
)))
("C:\Program Files\MiKTeX 2.9\tex/latex/oberdiek\kvoptions.sty"
Package: kvoptions 2016/05/16 v3.12 Key value format for package options (HO)

("C:\Program Files\MiKTeX 2.9\tex/generic/oberdiek\kvsetkeys.sty"
Package: kvsetkeys 2016/05/16 v1.17 Key value parser (HO)

("C:\Program Files\MiKTeX 2.9\tex/generic/oberdiek\etexcmds.sty"
Package: etexcmds 2016/05/16 v1.6 Avoid name clashes with e-TeX commands (HO)

("C:\Program Files\MiKTeX 2.9\tex/generic/oberdiek\ifluatex.sty"
Package: ifluatex 2016/05/16 v1.4 Provides the ifluatex switch (HO)
Package ifluatex Info: LuaTeX not detected.
))))
("C:\Program Files\MiKTeX 2.9\tex/generic/oberdiek\pdftexcmds.sty"
Package: pdftexcmds 2018/09/10 v0.29 Utility functions of pdfTeX for LuaTeX (HO
)
Package pdftexcmds Info: LuaTeX not detected.
Package pdftexcmds Info: \pdf@primitive is available.
Package pdftexcmds Info: \pdf@ifprimitive is available.
Package pdftexcmds Info: \pdfdraftmode found.
)
Package epstopdf-base Info: Redefining graphics rule for `.eps' on input line 4
38.
Package grfext Info: Graphics extension search list:
(grfext)             [.pdf,.png,.jpg,.mps,.jpeg,.jbig2,.jb2,.PDF,.PNG,.JPG,.JPE
G,.JBIG2,.JB2,.eps]
(grfext)             \AppendGraphicsExtensions on input line 456.
)
("C:\Program Files\MiKTeX 2.9\tex/latex/ucs\ucsencs.def"
File: ucsencs.def 2011/01/21 Fixes to fontencodings LGR, T3
)
*geometry* driver: auto-detecting
*geometry* detected driver: pdftex
*geometry* verbose mode - [ preamble ] result:
* driver: pdftex
* paper: a5paper
* layout: <same size as paper>
* layoutoffset:(h,v)=(0.0pt,0.0pt)
* modes: twoside 
* h-part:(L,W,R)=(78.24507pt, 307.28978pt, 35.56593pt)
* v-part:(T,H,B)=(28.45274pt, 526.376pt, 42.67912pt)
* \paperwidth=421.10078pt
* \paperheight=597.50787pt
* \textwidth=307.28978pt
* \textheight=526.376pt
* \oddsidemargin=5.97508pt
* \evensidemargin=-36.70406pt
* \topmargin=-72.26997pt
* \headheight=14.22636pt
* \headsep=14.22636pt
* \topskip=12.0pt
* \footskip=28.45274pt
* \marginparwidth=51.0pt
* \marginparsep=7.0pt
* \columnsep=5.69046pt
* \skip\footins=10.8pt plus 4.0pt minus 2.0pt
* \hoffset=0.0pt
* \voffset=0.0pt
* \mag=1000
* \@twocolumnfalse
* \@twosidetrue
* \@mparswitchtrue
* \@reversemarginfalse
* (1in=72.27pt=25.4mm, 1cm=28.453pt)

[1

{D:/users/pantaleo/AppData/Local/MiKTeX/2.9/pdftex/config/pdftex.map}]
[2] (incipit/rosario.tex (incipit/rosario/01_gaudiosi.tex
("C:\Program Files\MiKTeX 2.9\tex/latex/ucs\uni-0.def"
File: uni-0.def 2013/05/13 UCS: Unicode data U+0000..U+00FF
)) [3]
(incipit/rosario/02_luce.tex) [4] (incipit/rosario/03_dolorosi.tex) [5]
(incipit/rosario/04_gloriosi.tex))
Overfull \hbox (6.13364pt too wide) in paragraph at lines 24--146
\OT1/cmr/bx/n/10.95 Porta in cielo tutte le anime, spe-cial-mente le piu bisog
-nose
 []

[6] (incipit/litanie.tex (incipit/litanie/01_lauretane.tex
LaTeX Font Info:    Try loading font information for U+msa on input line 5.

("C:\Program Files\MiKTeX 2.9\tex/latex/amsfonts\umsa.fd"
File: umsa.fd 2013/01/14 v3.01 AMS symbols A
)
LaTeX Font Info:    Try loading font information for U+msb on input line 5.

("C:\Program Files\MiKTeX 2.9\tex/latex/amsfonts\umsb.fd"
File: umsb.fd 2013/01/14 v3.01 AMS symbols B
)
Overfull \hbox (24.00006pt too wide) in paragraph at lines 5--10
[][] 
 []


Overfull \hbox (24.00006pt too wide) in paragraph at lines 13--30
[][] 
 []


Overfull \hbox (24.00006pt too wide) in paragraph at lines 33--41
[][] 
 []


Overfull \hbox (24.00006pt too wide) in paragraph at lines 44--52
[][] 
 []

[7]
Overfull \hbox (24.00006pt too wide) in paragraph at lines 55--68
[][] 
 []


Overfull \hbox (24.00006pt too wide) in paragraph at lines 71--86
[][] 
 []

)
Overfull \hbox (24.00006pt too wide) in paragraph at lines 89--2
[][]
 []


Underfull \hbox (badness 10000) in paragraph at lines 89--2

 []

[8] (incipit/litanie/02_santi.tex
Overfull \hbox (24.00006pt too wide) in paragraph at lines 5--10
[][] 
 []


Overfull \hbox (24.00006pt too wide) in paragraph at lines 13--19
[][] 
 []


Overfull \hbox (24.00006pt too wide) in paragraph at lines 22--27
[][] 
 []


Overfull \hbox (24.00006pt too wide) in paragraph at lines 30--34
[][] 
 []


Overfull \hbox (24.00006pt too wide) in paragraph at lines 37--45
[][] 
 []


Overfull \hbox (24.00006pt too wide) in paragraph at lines 48--64
[][] 
 []

[9]
Overfull \hbox (24.00006pt too wide) in paragraph at lines 67--86
[][] 
 []


Overfull \hbox (24.00006pt too wide) in paragraph at lines 89--112
[][] 
 []

[10]
Overfull \hbox (24.00006pt too wide) in paragraph at lines 115--124
[][] 
 []

)
Overfull \hbox (24.00006pt too wide) in paragraph at lines 127--6
[][]
 []


Underfull \hbox (badness 10000) in paragraph at lines 127--6

 []

[11] (incipit/litanie/03_a_cristo.tex
Overfull \hbox (24.00006pt too wide) in paragraph at lines 5--22
[][] 
 []

)
Overfull \hbox (24.00006pt too wide) in paragraph at lines 25--10
[][]
 []


Underfull \hbox (badness 10000) in paragraph at lines 25--10

 []

[12] (incipit/litanie/04_varie.tex
Overfull \hbox (24.00006pt too wide) in paragraph at lines 5--11
[][] 
 []


Overfull \hbox (24.00006pt too wide) in paragraph at lines 14--23
[][] 
 []


Overfull \hbox (24.00006pt too wide) in paragraph at lines 26--35
[][] 
 []


Overfull \hbox (24.00006pt too wide) in paragraph at lines 42--56
[][] 
 []

) [13] (incipit/litanie/05_lumen_gentium.tex
Overfull \hbox (24.00006pt too wide) in paragraph at lines 5--10
[][] 
 []


Overfull \hbox (24.00006pt too wide) in paragraph at lines 13--26
[][] 
 []


Overfull \hbox (24.00006pt too wide) in paragraph at lines 29--37
[][] 
 []


Overfull \hbox (24.00006pt too wide) in paragraph at lines 40--51
[][] 
 []


Overfull \hbox (24.00006pt too wide) in paragraph at lines 54--59
[][] 
 []


Overfull \hbox (24.00006pt too wide) in paragraph at lines 62--68
[][] 
 []

[14]
Overfull \hbox (24.00006pt too wide) in paragraph at lines 71--76
[][] 
 []


Overfull \hbox (24.00006pt too wide) in paragraph at lines 79--93
[][] 
 []


Overfull \hbox (24.00006pt too wide) in paragraph at lines 96--101
[][] 
 []

)
Overfull \hbox (24.00006pt too wide) in paragraph at lines 104--18
[][]
 []


Underfull \hbox (badness 10000) in paragraph at lines 104--18

 []

[15] (incipit/litanie/06_benedizione_eucaristica.tex
Overfull \hbox (31.81073pt too wide) in paragraph at lines 50--51
[]\OT1/cmr/bx/n/10.95 S: \OT1/cmr/m/n/10.95 Preghi-amo: Sig-nore Gesu, che nel
 mirabile sacra-mento dell'Eucarestia
 []

[16])) [17] [18] (incipit/cantici.tex (incipit/cantici/adoro_te_devote.tex)
[19] (incipit/cantici/credo.tex) [20] (incipit/cantici/credo_apostolico.tex)
[21] (incipit/cantici/gloria.tex [22]) (incipit/cantici/lauda_sion.tex)
[23] (incipit/cantici/te_deum.tex [24]) [25]
(incipit/cantici/veni_creator_spiritus.tex) [26]
(incipit/cantici/victimae_paschali.tex [27])) [28]
(canti/a_betlehem_di_giuda.tex) (canti/a_betlemme_di_giudea.tex [29])
(canti/abbiamo_trovato_il_messia.tex) [30] (canti/abbracciami.tex)
(canti/accetta_questo_pane.tex) (canti/acclamate_a_dio.tex [31]) [32]
(canti/acclamate_al_signore.tex) (canti/accogli_i_nostri_doni.tex) [33]
(canti/accogli_nella_tua_bonta.tex) (canti/accoglimi.tex) [34]
(canti/addio_di_gesu.tex) (canti/adoro_te.tex) (canti/albero_di_vita.tex
[35]) (canti/all_acqua_della_fonte.tex) (canti/alleluia_acclamiamo_a_te.tex
[36]) (canti/alleluia_cantate_al_signore.tex)
(canti/alleluia_dio_ha_visitato_il_suo_popolo.tex [37])
(canti/alleluia_e_risorto.tex) (canti/alleluia_ed_oggi_ancora.tex [38])
(canti/alleluia_irlandese.tex) (canti/alleluia_lodate_il_signore.tex [39])
[40] (canti/alleluia_lode_cosmica.tex) (canti/alleluia_passeranno_i_cieli.tex)
(canti/alleluia_signore_sei_venuto.tex [41]) (canti/alleluia_taize.tex)
[42] (canti/altissimo.tex) [43] (canti/alto_e_glorioso_dio.tex)
(canti/alza_le_braccia_apri_il_tuo_cuore.tex) (canti/alzati_e_risplendi.tex
[44]) (canti/amatevi_fratelli.tex) (canti/andate_in_mezzo_a_loro.tex [45])
(canti/andate_per_le_strade.tex [46]) [47] (canti/andro_a_vederla_un_di.tex)
(canti/anima_christi.tex [48]) (canti/annunceremo_che_tu.tex) [49]
(canti/antica_eterna_danza.tex) (canti/apri_le_tue_braccia.tex) [50]
(canti/astro_del_ciel.tex) (canti/ave_maria_balduzzi.tex) [51]
(canti/ave_maria_di_fatima.tex) (canti/ave_maria_di_lourdes.tex [52])
(canti/ave_o_stella_del_mare.tex [53]) [54] (canti/ave_verum_mozart.tex)
(canti/beati_quelli.tex) [55] (canti/beati_voi.tex) (canti/beato_il_cuore.tex
[56]) (canti/beato_l_uomo.tex) [57] (canti/benedetto_sei_tu.tex)
(canti/benedetto_sei_tu_che_vieni.tex [58]) (canti/benedetto_tu_signore.tex)
[59] (canti/benedici_il_signore_anima_mia.tex) [60]
(canti/benedici_o_signore.tex) [61] (canti/benediro_il_tuo_nome.tex) [62]
(canti/benedizione_a_frate_leone_benedicat.tex)
(canti/brilla_una_luce_in_cielo.tex) (canti/camminero.tex [63]) [64]
(canti/canoni_di_taize.tex [65] [66] [67]) (canti/cantano_gli_angeli.tex
[68]) (canti/cantate_al_signore_alleluia.tex) [69]
(canti/cantate_al_signore_un_canto_nuovo.tex)
(canti/cantiamo_insieme_al_signore.tex [70]) (canti/cantiamo_te.tex) [71]
(canti/cantico_dei_redenti.tex) (canti/canto_del_cammino.tex [72])
(canti/canto_la_tua_gloria.tex) [73] (canti/canzone_della_speranza.tex)
(canti/chi_ci_separera.tex [74]) (canti/chi_mi_seguira.tex) [75]
(canti/chiesa_di_dio.tex) (canti/cieli_e_terra_nuova.tex)
(canti/cielo_nuovo.tex [76]) [77] (canti/com_e_bello.tex) [78]
(canti/come_canto_d_amore.tex) [79] (canti/come_e_grande.tex)
(canti/come_fuoco_vivo.tex) (canti/come_il_cervo_va_all_acqua_viva.tex [80])
[81] (canti/come_il_grano.tex) (canti/come_incenso.tex [82])
(canti/come_maria.tex) [83] (canti/come_tu_mi_vuoi.tex)
(canti/come_un_prodigio.tex [84]) [85] (canti/come_una_cerva.tex)
(canti/come_unico_pane.tex [86]) (canti/con_cembali_e_canzoni.tex) [87]
(canti/con_te_gesu.tex) (canti/con_un_cuore_solo.tex) [88]
(canti/cosa_offrirti.tex) [89] (canti/credo_in_te_signor.tex)
(canti/cristo_e_risorto.tex [90]) (canti/cristo_risusciti.tex)
(canti/custodiscimi.tex) (canti/da_mille_strade.tex [91])
(canti/dal_crocifisso_risorto.tex [92]) [93] (canti/dal_libano_verrai.tex)
(canti/dall_alto_dei_cieli.tex) (canti/dall_aurora_al_tramonto.tex [94])
[95] (canti/danza_la_vita.tex) [96] (canti/del_tuo_spirito_signore.tex)
[97] (canti/dell_aurora_tu_sorgi_piu_bella.tex)
(canti/dio_si_e_fatto_come_noi.tex [98]) (canti/discendi_santo_spirito.tex)
(canti/donami_il_tuo_amore.tex [99]) (canti/dov_e_carita_e_amore.tex [100])
[101] (canti/e_bello_lodarti.tex) (canti/e_giunta_l_ora.tex) [102]
(canti/e_l_ora_che_pia.tex) (canti/e_nato_il_salvatore.tex) [103]
(canti/e_se_non_fosse_un_sogno.tex) [104] (canti/e_sei_rimasto_qui.tex)
(canti/e_sono_solo_un_uomo.tex [105]) (canti/eccomi.tex [106])
(canti/effondero_il_mio_spirito.tex) (canti/emmanuel.tex [107] [108]) [109]
(canti/esci_dalla_tua_terra.tex) (canti/eterno_e_il_suo_amor.tex [110])
[111] (canti/evenu_shalom.tex) (canti/fammi_conoscere.tex)
(canti/frutto_della_nostra_terra.tex [112]) (canti/gaudete.tex)
(canti/gerusalemme.tex [113]) (canti/gerusalemme_loda_il_signor.tex [114])
(canti/gesu_e_la_samaritana.tex) (canti/gesu_signore.tex [115] [116])
(canti/gioia_nel_cuore.tex) [117] (canti/giovane_donna.tex) (canti/giovanni.tex
) (canti/gloria_a_cristo.tex [118]) (canti/gloria_a_te.tex)
(canti/gloria_a_te_cristo_gesu.tex [119]) (canti/grande_e_la_tua_bonta.tex
[120]) (canti/grandi_cose.tex) (canti/gustate_e_vedete.tex [121])
(canti/hai_dato_un_cibo.tex) (canti/ho_chiesto_a_lui.tex [122]) [123]
(canti/i_cieli_narrano.tex) [124] (canti/il_canto_del_mare.tex) [125]
(canti/il_canto_dell_amore.tex) (canti/il_canto_della_creazione.tex
Overfull \hbox (9.46414pt too wide) in paragraph at lines 10--16
[][] 
 []


Overfull \hbox (9.46414pt too wide) in paragraph at lines 19--25
[][] 
 []

[126]
Overfull \hbox (9.46414pt too wide) in paragraph at lines 32--38
[][] 
 []


Overfull \hbox (9.46414pt too wide) in paragraph at lines 41--47
[][] 
 []


Overfull \hbox (9.46414pt too wide) in paragraph at lines 54--60
[][] 
 []


Overfull \hbox (9.46414pt too wide) in paragraph at lines 63--69
[][] 
 []


Overfull \hbox (9.46414pt too wide) in paragraph at lines 76--82
[][] 
 []

) [127] (canti/il_disegno.tex) [128] (canti/il_miracolo_del_pane.tex) [129]
(canti/il_pane_del_cammino.tex) (canti/il_signore_e_il_mio_pastore_turoldo.tex
[130]) (canti/il_signore_e_la_luce.tex) (canti/il_tempio_tuo_adorabile.tex
[131]) (canti/in_eterno_cantero.tex) [132] (canti/in_memoria_del_signore.tex)
[133] (canti/in_notte_placida.tex) (canti/in_paradiso.tex [134])
(canti/in_te_la_nostra_gloria.tex) [135] (canti/in_terra_di_giudea.tex)
(canti/innalzate_nei_cieli.tex [136]) (canti/inni_e_canti.tex)
(canti/inno_a_s_teresa.tex [137]) (canti/inno_all_amore.tex [138])
(canti/inno_alla_bv_di_s_luca.tex [139]) (canti/invochiamo_la_tua_presenza.tex)
(canti/io_credo_risorgero.tex [140]) (canti/io_dico_il_mio_si.tex [141])
(canti/io_non_sono_degno.tex) (canti/isaia_62.tex [142]) [143]
(canti/jesus_christ_you_are_my_life.tex) (canti/jubilate_deo_anselmi.tex)
[144] (canti/kaire_maria.tex) [145] (canti/l_acqua_viva.tex)
(canti/l_eterno_riposo.tex [146]) (canti/la_creazione_giubili.tex) [147]
(canti/la_gioia.tex) [148] (canti/la_mia_anima_canta.tex
("C:\Program Files\MiKTeX 2.9\tex/latex/ucs\uni-32.def"
File: uni-32.def 2013/05/13 UCS: Unicode data U+2000..U+20FF
))
(canti/la_nostra_offerta.tex) [149] (canti/la_sapienza.tex [150])
(canti/la_vera_vite.tex) [151] (canti/lamentazioni_del_signore.tex)
(canti/laudato_si_signore.tex [152]) (canti/laudato_sii.tex)
(canti/le_mani_alzate.tex [153]) [154] (canti/le_tue_mani.tex) [155]
(canti/le_tue_meraviglie.tex) [156] (canti/lodate_dio_albisetti_straslund.tex)
(canti/lodate_dio_gen.tex) (canti/lodate_il_signore.tex) [157]
(canti/lodate_il_signore_dai_cieli.tex) (canti/lode_a_te_o_cristo.tex [158])
(canti/lode_al_nome_tuo.tex) (canti/lodi_all_altissimo.tex [159]) [160]
(canti/luce_che_sorgi_nella_notte.tex) [161] (canti/luce_del_mondo.tex [162])
[163] (canti/luce_di_verita.tex [164]) [165] (canti/luce_divina.tex) [166]
(canti/ma_la_tua_parola.tex) [167] (canti/magnificat_egli_ha_posato.tex)
(canti/mani.tex [168]) [169] (canti/maranatha.tex)
(canti/maria_tu_che_hai_atteso.tex
Overfull \hbox (9.01965pt too wide) in paragraph at lines 1--1
[]\OT1/cmss/bx/n/17.28 193 \OT1/cmss/bx/n/14.4 Maria, tu che hai at-teso (Pregh
iera a Maria) 
 []

[170]) (canti/mi_arrendo_al_tuo_amore.tex) [171] (canti/mira_il_tuo_popolo.tex)
[172] (canti/mistero_della_cena.tex) [173] (canti/monte_di_sion.tex)
(canti/musica_di_festa.tex [174]) [175] (canti/nei_cieli_un_grido_risuono.tex)
(canti/nel_tuo_silenzio.tex) (canti/noi_canteremo_gloria_a_te.tex [176])
(canti/noi_crediamo_in_te.tex [177]) (canti/noi_loderemo_il_signore.tex)
(canti/noi_ti_amiam.tex [178]) (canti/noi_veglieremo.tex) [179]
(canti/nome_dolcissimo.tex) (canti/non_temere.tex [180])
(canti/nostra_gloria_e_la_croce.tex) [181] (canti/nozze_a_cana.tex)
(canti/nulla_con_te_mi_manchera.tex) [182] (canti/o_maria_nostra_speranza.tex)
[183] (canti/o_piccola_betlemme.tex) (canti/o_sanctissima.tex)
(canti/o_signore_nostro_dio.tex) (canti/oggi_in_cielo_e_festa.tex [184])
(canti/ogni_mia_parola.tex) (canti/ogni_uomo_cantera.tex [185])
(canti/ora_e_tempo_di_gioia.tex) (canti/osanna_al_figlio_di_david.tex [186])
[187] (canti/pace_a_te.tex) (canti/pace_sia_pace_a_voi.tex)
(canti/padre_perdona.tex [188]) (canti/pane_del_cielo.tex)
(canti/pane_di_vita_nuova.tex [189] [190]) (canti/pane_vivo.tex [191])
(canti/per_la_vita_che_ci_dai.tex [192]) (canti/perche_tu_sei_con_me.tex)
(canti/popoli_tutti_acclamate.tex [193]) (canti/preghiera_di_gesu.tex)
(canti/preghiera_di_s_damiano.tex [194]) [195] (canti/prendi_la_mia_vita.tex)
(canti/prima_corinzi_13.tex [196]) [197] (canti/purificami_o_signore.tex
[198]) [199] (canti/quale_gioia.tex) (canti/quale_gioia_e_star_con_te.tex
[200]) [201] (canti/quando_bussero.tex) (canti/quanta_sete_nel_mio_cuore.tex
[202]) (canti/questo_e_il_giorno_galliano_parisi.tex)
(canti/questo_e_il_giorno_tranchida.tex [203])
(canti/rallegrati_gerusalemme.tex [204]) (canti/rallegriamoci.tex) [205]
(canti/re_di_gloria.tex) (canti/regina_caeli.tex) (canti/regina_dei_cieli.tex)
(canti/resta_accanto_a_me.tex [206]) (canti/resta_con_noi.tex) [207]
(canti/resta_con_noi_signore_la_sera.tex) (canti/resta_qui_con_noi.tex [208])
(canti/resto_con_te.tex) (canti/resurrezione.tex [209])
(canti/rimani_qui_tra_noi.tex) (canti/risorto.tex [210])
(canti/sai_dov_e_fratello_mio.tex) (canti/salga_a_te_signore.tex [211])
(canti/salga_da_questo_altare.tex) (canti/salve_dolce_vergine.tex [212])
(canti/salve_regina_gen.tex) [213] (canti/santa_maria_del_cammino.tex)
(canti/se_il_signore_non_costruisce_la_citta.tex) (canti/se_m_accogli.tex
[214]) (canti/se_tu_mi_accogli.tex) [215] (canti/segni_del_tuo_amore.tex)
(canti/sei_tu_signore_il_pane.tex) [216] (canti/servo_per_amore.tex) [217]
(canti/signore_dolce_volto.tex) [218] (canti/signore_sei_tu_il_mio_pastore.tex)
(canti/sii_esaltato.tex) [219] (canti/so_che_sei_qui.tex)
(canti/sono_qui_a_lodarti.tex [220]) (canti/sorgente_di_salvezza.tex) [221]
(canti/spirito_di_dio.tex) (canti/spirito_di_dio_consacrami.tex) [222]
(canti/spirito_santo_vieni.tex) [223] (canti/su_ali_d_aquila.tex) [224]
(canti/svegliati_sion.tex) (canti/t_adoriam_ostia_divina.tex)
(canti/te_al_centro_del_mio_cuore.tex [225]) (canti/te_lodiamo_trinita.tex)
(canti/terra_tutta_da_lode_a_dio.tex [226]) [227] (canti/ti_offro.tex)
(canti/ti_ringrazio.tex [228]) (canti/ti_ringrazio_mio_signore.tex) [229]
(canti/ti_seguiro.tex) (canti/trisaghion_tre_volte_santo.tex) [230]
(canti/tu_fonte_viva.tex) [231] (canti/tu_mi_hai_sedotto.tex
Overfull \hbox (9.46414pt too wide) in paragraph at lines 11--21
[][] 
 []


Overfull \hbox (9.46414pt too wide) in paragraph at lines 32--42
[][] 
 []


Overfull \hbox (9.46414pt too wide) in paragraph at lines 45--55
[][] 
 []

)
Overfull \hbox (9.46414pt too wide) in paragraph at lines 58--1076
[][]
 []


Underfull \hbox (badness 10000) in paragraph at lines 58--1076

 []

[232] (canti/tu_quando_verrai.tex) [233] (canti/tu_sarai_profeta.tex)
(canti/tu_scendi_dalle_stelle.tex) [234] (canti/tu_sei_la_mia_vita.tex)
[235] (canti/tu_sei_santo_tu_sei_re.tex) (canti/tu_sei_vivo_fuoco.tex [236])
(canti/tutta_la_terra_canti_a_dio.tex) [237]
(canti/tutti_gli_angeli_del_cielo.tex) (canti/tutto_il_mondo_deve_sapere.tex
[238]) (canti/un_canto_nuovo_cantero.tex) (canti/un_cuore_nuovo.tex)
(canti/venite_applaudiamo_al_signore.tex [239]) [240] (canti/venite_fedeli.tex)
[241] (canti/verbum_panis.tex) [242] (canti/vergin_santa.tex) [243]
(canti/vi_amo_cosi.tex) (canti/vieni_ancora_gesu.tex [244])
(canti/vieni_con_me_dal_libano.tex) [245] (canti/vieni_dal_libano.tex) [246]
(canti/vieni_e_seguimi.tex) (canti/vieni_o_signore.tex) [247]
(canti/vieni_santo_spirito_di_dio.tex) (canti/vieni_spirito_d_amore.tex
[248]) (canti/vieni_spirito_forza_dall_alto.tex)
(canti/vive_il_mio_redentore.tex) (canti/vivere_la_vita.tex [249])
(canti/vocazione.tex) (canti/voglio_cantare_al_signore.tex [250]) [251]
(canti/voi_siete_di_dio.tex) [252] (canti/voi_tutte_opere_del_signore.tex)
[253] [254

] (indice/indice.tex (indice/01_generale.tex
Underfull \hbox (badness 2564) in paragraph at lines 42--42
[]|\OT1/cmr/m/n/8 Alleluia (Dio ha vis-i-tato il suo
 []


Underfull \vbox (badness 10000) detected at line 45
 []


Underfull \hbox (badness 1824) in paragraph at lines 47--47
[]|\OT1/cmr/m/n/8 Alleluia (Lode cos-mica) (rif. Dn
 []


Underfull \hbox (badness 10000) in paragraph at lines 79--79
[]|\OT1/cmr/m/n/8 Benedizione a frate Leone
 []

[255] [256]
Underfull \hbox (badness 1997) in paragraph at lines 154--154
[]|\OT1/cmr/m/n/8 Gloria a Te, Cristo Gesu (Inno
 []


Underfull \hbox (badness 2662) in paragraph at lines 181--181
[]|\OT1/cmr/m/n/8 Invochiamo la tua pre-senza (Lc
 []

[257]
Underfull \hbox (badness 10000) in paragraph at lines 197--197
[]|\OT1/cmr/m/n/8 Lamentazioni del Sig-nore
 []


Underfull \hbox (badness 2197) in paragraph at lines 215--215
[]|\OT1/cmr/m/n/8 Magnificat (Egli ha posato) (Lc
 []

[258]
Underfull \hbox (badness 4254) in paragraph at lines 242--242
[]|\OT1/cmr/m/n/8 Ogni uomo can-tera (Din dong!
 []

[259]
Underfull \hbox (badness 1590) in paragraph at lines 298--298
[]|\OT1/cmr/m/n/8 Spirito Santo vieni (Veni Sancte
 []

[260] [261]) [262] (indice/02_incipit.tex
Overfull \hbox (42.44072pt too wide) in alignment at lines 5--26
 [] [] 
 []


Overfull \hbox (42.44072pt too wide) in alignment at lines 26--46
 [] [] 
 []


Overfull \hbox (42.44072pt too wide) in alignment at lines 46--66
 [] [] 
 []


Overfull \hbox (42.44072pt too wide) in alignment at lines 66--86
 [] [] 
 []

[263]
Overfull \hbox (42.44072pt too wide) in alignment at lines 86--106
 [] [] 
 []


Overfull \hbox (42.44072pt too wide) in alignment at lines 106--126
 [] [] 
 []


Overfull \hbox (42.44072pt too wide) in alignment at lines 126--146
 [] [] 
 []

[264]
Overfull \hbox (42.44072pt too wide) in alignment at lines 146--166
 [] [] 
 []


Overfull \hbox (42.44072pt too wide) in alignment at lines 166--186
 [] [] 
 []


Overfull \hbox (42.44072pt too wide) in alignment at lines 186--206
 [] [] 
 []

[265]
Overfull \hbox (42.44072pt too wide) in alignment at lines 206--226
 [] [] 
 []


Overfull \hbox (42.44072pt too wide) in alignment at lines 226--246
 [] [] 
 []

[266]
Overfull \hbox (42.44072pt too wide) in alignment at lines 246--266
 [] [] 
 []


Overfull \hbox (42.44072pt too wide) in alignment at lines 266--286
 [] [] 
 []


Overfull \hbox (42.44072pt too wide) in alignment at lines 286--306
 [] [] 
 []

[267]
Overfull \hbox (42.44072pt too wide) in alignment at lines 306--326
 [] [] 
 []


Overfull \hbox (42.44072pt too wide) in alignment at lines 326--346
 [] [] 
 []


Overfull \hbox (42.44072pt too wide) in alignment at lines 346--352
 [] [] 
 []

[268])) [269] [270] (libretto_canti.aux) ) 
Here is how much of TeX's memory you used:
 4700 strings out of 492895
 92981 string characters out of 3133470
 170152 words of memory out of 3000000
 7526 multiletter control sequences out of 15000+200000
 12400 words of font info for 45 fonts, out of 3000000 for 9000
 1141 hyphenation exceptions out of 8191
 41i,10n,43p,383b,504s stack positions out of 5000i,500n,10000p,200000b,50000s
<C:/Program Files/MiKTeX 2.9/fonts/ty
pe1/public/amsfonts/cm/cmbx10.pfb><C:/Program Files/MiKTeX 2.9/fonts/type1/publ
ic/amsfonts/cm/cmbx12.pfb><C:/Program Files/MiKTeX 2.9/fonts/type1/public/amsfo
nts/cm/cmbxti10.pfb><C:/Program Files/MiKTeX 2.9/fonts/type1/public/amsfonts/cm
/cmr10.pfb><C:/Program Files/MiKTeX 2.9/fonts/type1/public/amsfonts/cm/cmr12.pf
b><C:/Program Files/MiKTeX 2.9/fonts/type1/public/amsfonts/cm/cmr8.pfb><C:/Prog
ram Files/MiKTeX 2.9/fonts/type1/public/amsfonts/cm/cmssbx10.pfb><C:/Program Fi
les/MiKTeX 2.9/fonts/type1/public/amsfonts/cm/cmti10.pfb><C:/Program Files/MiKT
eX 2.9/fonts/type1/public/amsfonts/cm/cmti12.pfb><C:/Program Files/MiKTeX 2.9/f
onts/type1/public/amsfonts/symbols/msbm10.pfb>
Output written on libretto_canti.pdf (270 pages, 535704 bytes).
PDF statistics:
 908 PDF objects out of 1000 (max. 8388607)
 0 named destinations out of 1000 (max. 500000)
 1 words of extra memory for PDF output out of 10000 (max. 10000000)

